

Processing Rails::InfoController#properties (for 127.0.0.1 at 2008-10-04 09:57:23) [GET]
  Session ID: 1fd85bce54584dbca43512e90461d61d
  Parameters: {"action"=>"properties", "controller"=>"rails/info"}
  [4;36;1mSQL (0.000672)[0m   [0;1m SELECT name
 FROM sqlite_master
 WHERE type = 'table' AND NOT name = 'sqlite_sequence'
[0m
Completed in 0.07771 (12 reqs/sec) | Rendering: 0.00129 (1%) | DB: 0.00067 (0%) | 200 OK [http://localhost/rails/info/properties]


Processing MarketsController#index (for 127.0.0.1 at 2008-10-04 10:20:06) [GET]
  Session ID: BAh7BiIKZmxhc2hJQzonQWN0aW9uQ29udHJvbGxlcjo6Rmxhc2g6OkZsYXNo
SGFzaHsABjoKQHVzZWR7AA==--008f3288df3d7e51781c452f6d497a391801b0e4
  Parameters: {"action"=>"index", "controller"=>"markets"}
  [4;36;1mMarket Load (0.000000)[0m   [0;1mSQLite3::SQLException: no such table: markets: SELECT * FROM "markets" [0m


ActiveRecord::StatementInvalid (SQLite3::SQLException: no such table: markets: SELECT * FROM "markets"     ):
    /usr/local/lib/ruby/gems/1.8/gems/activerecord-2.1.1/lib/active_record/connection_adapters/abstract_adapter.rb:147:in `log'
    /usr/local/lib/ruby/gems/1.8/gems/activerecord-2.1.1/lib/active_record/connection_adapters/sqlite_adapter.rb:132:in `execute'
    /usr/local/lib/ruby/gems/1.8/gems/activerecord-2.1.1/lib/active_record/connection_adapters/sqlite_adapter.rb:372:in `catch_schema_changes'
    /usr/local/lib/ruby/gems/1.8/gems/activerecord-2.1.1/lib/active_record/connection_adapters/sqlite_adapter.rb:132:in `execute'
    /usr/local/lib/ruby/gems/1.8/gems/activerecord-2.1.1/lib/active_record/connection_adapters/sqlite_adapter.rb:275:in `select'
    /usr/local/lib/ruby/gems/1.8/gems/activerecord-2.1.1/lib/active_record/connection_adapters/abstract/database_statements.rb:7:in `select_all_without_query_cache'
    /usr/local/lib/ruby/gems/1.8/gems/activerecord-2.1.1/lib/active_record/connection_adapters/abstract/query_cache.rb:59:in `select_all'
    /usr/local/lib/ruby/gems/1.8/gems/activerecord-2.1.1/lib/active_record/connection_adapters/abstract/query_cache.rb:80:in `cache_sql'
    /usr/local/lib/ruby/gems/1.8/gems/activerecord-2.1.1/lib/active_record/connection_adapters/abstract/query_cache.rb:59:in `select_all'
    /usr/local/lib/ruby/gems/1.8/gems/activerecord-2.1.1/lib/active_record/base.rb:586:in `find_by_sql'
    /usr/local/lib/ruby/gems/1.8/gems/activerecord-2.1.1/lib/active_record/base.rb:1345:in `find_every'
    /usr/local/lib/ruby/gems/1.8/gems/activerecord-2.1.1/lib/active_record/base.rb:540:in `find'
    /app/controllers/markets_controller.rb:5:in `index'
    /usr/local/lib/ruby/gems/1.8/gems/actionpack-2.1.1/lib/action_controller/base.rb:1166:in `send'
    /usr/local/lib/ruby/gems/1.8/gems/actionpack-2.1.1/lib/action_controller/base.rb:1166:in `perform_action_without_filters'
    /usr/local/lib/ruby/gems/1.8/gems/actionpack-2.1.1/lib/action_controller/filters.rb:579:in `call_filters'
    /usr/local/lib/ruby/gems/1.8/gems/actionpack-2.1.1/lib/action_controller/filters.rb:572:in `perform_action_without_benchmark'
    /usr/local/lib/ruby/gems/1.8/gems/actionpack-2.1.1/lib/action_controller/benchmarking.rb:68:in `perform_action_without_rescue'
    /usr/local/lib/ruby/1.8/benchmark.rb:293:in `measure'
    /usr/local/lib/ruby/gems/1.8/gems/actionpack-2.1.1/lib/action_controller/benchmarking.rb:68:in `perform_action_without_rescue'
    /usr/local/lib/ruby/gems/1.8/gems/actionpack-2.1.1/lib/action_controller/rescue.rb:201:in `perform_action_without_caching'
    /usr/local/lib/ruby/gems/1.8/gems/actionpack-2.1.1/lib/action_controller/caching/sql_cache.rb:13:in `perform_action'
    /usr/local/lib/ruby/gems/1.8/gems/activerecord-2.1.1/lib/active_record/connection_adapters/abstract/query_cache.rb:33:in `cache'
    /usr/local/lib/ruby/gems/1.8/gems/activerecord-2.1.1/lib/active_record/query_cache.rb:8:in `cache'
    /usr/local/lib/ruby/gems/1.8/gems/actionpack-2.1.1/lib/action_controller/caching/sql_cache.rb:12:in `perform_action'
    /usr/local/lib/ruby/gems/1.8/gems/actionpack-2.1.1/lib/action_controller/base.rb:529:in `send'
    /usr/local/lib/ruby/gems/1.8/gems/actionpack-2.1.1/lib/action_controller/base.rb:529:in `process_without_filters'
    /usr/local/lib/ruby/gems/1.8/gems/actionpack-2.1.1/lib/action_controller/filters.rb:568:in `process_without_session_management_support'
    /usr/local/lib/ruby/gems/1.8/gems/actionpack-2.1.1/lib/action_controller/session_management.rb:130:in `process'
    /usr/local/lib/ruby/gems/1.8/gems/actionpack-2.1.1/lib/action_controller/base.rb:389:in `process'
    /usr/local/lib/ruby/gems/1.8/gems/actionpack-2.1.1/lib/action_controller/dispatcher.rb:149:in `handle_request'
    /usr/local/lib/ruby/gems/1.8/gems/actionpack-2.1.1/lib/action_controller/dispatcher.rb:107:in `dispatch'
    /usr/local/lib/ruby/gems/1.8/gems/actionpack-2.1.1/lib/action_controller/dispatcher.rb:104:in `synchronize'
    /usr/local/lib/ruby/gems/1.8/gems/actionpack-2.1.1/lib/action_controller/dispatcher.rb:104:in `dispatch'
    /usr/local/lib/ruby/gems/1.8/gems/actionpack-2.1.1/lib/action_controller/dispatcher.rb:120:in `dispatch_cgi'
    /usr/local/lib/ruby/gems/1.8/gems/actionpack-2.1.1/lib/action_controller/dispatcher.rb:35:in `dispatch'
    /usr/local/lib/ruby/gems/1.8/gems/mongrel-1.0.1/lib/mongrel/rails.rb:78:in `process'
    /usr/local/lib/ruby/gems/1.8/gems/mongrel-1.0.1/lib/mongrel/rails.rb:76:in `synchronize'
    /usr/local/lib/ruby/gems/1.8/gems/mongrel-1.0.1/lib/mongrel/rails.rb:76:in `process'
    /usr/local/lib/ruby/gems/1.8/gems/mongrel-1.0.1/lib/mongrel.rb:618:in `process_client'
    /usr/local/lib/ruby/gems/1.8/gems/mongrel-1.0.1/lib/mongrel.rb:617:in `each'
    /usr/local/lib/ruby/gems/1.8/gems/mongrel-1.0.1/lib/mongrel.rb:617:in `process_client'
    /usr/local/lib/ruby/gems/1.8/gems/mongrel-1.0.1/lib/mongrel.rb:736:in `run'
    /usr/local/lib/ruby/gems/1.8/gems/mongrel-1.0.1/lib/mongrel.rb:736:in `initialize'
    /usr/local/lib/ruby/gems/1.8/gems/mongrel-1.0.1/lib/mongrel.rb:736:in `new'
    /usr/local/lib/ruby/gems/1.8/gems/mongrel-1.0.1/lib/mongrel.rb:736:in `run'
    /usr/local/lib/ruby/gems/1.8/gems/mongrel-1.0.1/lib/mongrel.rb:720:in `initialize'
    /usr/local/lib/ruby/gems/1.8/gems/mongrel-1.0.1/lib/mongrel.rb:720:in `new'
    /usr/local/lib/ruby/gems/1.8/gems/mongrel-1.0.1/lib/mongrel.rb:720:in `run'
    /usr/local/lib/ruby/gems/1.8/gems/mongrel-1.0.1/lib/mongrel/configurator.rb:271:in `run'
    /usr/local/lib/ruby/gems/1.8/gems/mongrel-1.0.1/lib/mongrel/configurator.rb:270:in `each'
    /usr/local/lib/ruby/gems/1.8/gems/mongrel-1.0.1/lib/mongrel/configurator.rb:270:in `run'
    /usr/local/lib/ruby/gems/1.8/gems/mongrel-1.0.1/bin/mongrel_rails:127:in `run'
    /usr/local/lib/ruby/gems/1.8/gems/mongrel-1.0.1/lib/mongrel/command.rb:211:in `run'
    /usr/local/lib/ruby/gems/1.8/gems/mongrel-1.0.1/bin/mongrel_rails:243
    /usr/local/lib/ruby/gems/1.8/gems/activesupport-2.1.1/lib/active_support/dependencies.rb:503:in `load'
    /usr/local/lib/ruby/gems/1.8/gems/activesupport-2.1.1/lib/active_support/dependencies.rb:503:in `load'
    /usr/local/lib/ruby/gems/1.8/gems/activesupport-2.1.1/lib/active_support/dependencies.rb:355:in `new_constants_in'
    /usr/local/lib/ruby/gems/1.8/gems/activesupport-2.1.1/lib/active_support/dependencies.rb:503:in `load'
    /usr/local/lib/ruby/gems/1.8/gems/rails-2.1.1/lib/commands/servers/mongrel.rb:64
    /usr/local/lib/ruby/site_ruby/1.8/rubygems/custom_require.rb:27:in `gem_original_require'
    /usr/local/lib/ruby/site_ruby/1.8/rubygems/custom_require.rb:27:in `require'
    /usr/local/lib/ruby/gems/1.8/gems/activesupport-2.1.1/lib/active_support/dependencies.rb:510:in `require'
    /usr/local/lib/ruby/gems/1.8/gems/activesupport-2.1.1/lib/active_support/dependencies.rb:355:in `new_constants_in'
    /usr/local/lib/ruby/gems/1.8/gems/activesupport-2.1.1/lib/active_support/dependencies.rb:510:in `require'
    /usr/local/lib/ruby/gems/1.8/gems/rails-2.1.1/lib/commands/server.rb:39
    /usr/local/lib/ruby/site_ruby/1.8/rubygems/custom_require.rb:27:in `gem_original_require'
    /usr/local/lib/ruby/site_ruby/1.8/rubygems/custom_require.rb:27:in `require'
    script/server:3

Rendering /usr/local/lib/ruby/gems/1.8/gems/actionpack-2.1.1/lib/action_controller/templates/rescues/layout.erb (internal_server_error)
  [4;36;1mSQL (0.000469)[0m   [0;1m SELECT name
 FROM sqlite_master
 WHERE type = 'table' AND NOT name = 'sqlite_sequence'
[0m
  [4;35;1mSQL (0.000134)[0m   [0mselect sqlite_version(*)[0m
  [4;36;1mSQL (0.676760)[0m   [0;1mCREATE TABLE "schema_migrations" ("version" varchar(255) NOT NULL) [0m
  [4;35;1mSQL (0.221960)[0m   [0mCREATE UNIQUE INDEX "unique_schema_migrations" ON "schema_migrations" ("version")[0m
  [4;36;1mSQL (0.000458)[0m   [0;1m SELECT name
 FROM sqlite_master
 WHERE type = 'table' AND NOT name = 'sqlite_sequence'
[0m
  [4;35;1mSQL (0.000192)[0m   [0mSELECT version FROM schema_migrations[0m
Migrating to CreateMarkets (20081004171918)
  [4;36;1mSQL (0.215754)[0m   [0;1mCREATE TABLE "markets" ("id" INTEGER PRIMARY KEY AUTOINCREMENT NOT NULL, "name" varchar(255) NOT NULL, "street" varchar(255), "city" varchar(255), "state" varchar(2), "zip" varchar(5), "created_at" datetime, "updated_at" datetime) [0m
  [4;35;1mSQL (0.210356)[0m   [0mINSERT INTO schema_migrations (version) VALUES ('20081004171918')[0m
  [4;36;1mSQL (0.000620)[0m   [0;1m SELECT name
 FROM sqlite_master
 WHERE type = 'table' AND NOT name = 'sqlite_sequence'
[0m
  [4;35;1mSQL (0.000272)[0m   [0mSELECT version FROM schema_migrations[0m
  [4;36;1mSQL (0.000443)[0m   [0;1m SELECT name
 FROM sqlite_master
 WHERE type = 'table' AND NOT name = 'sqlite_sequence'
[0m
  [4;35;1mSQL (0.000074)[0m   [0mPRAGMA index_list("bdrb_job_queues")[0m
  [4;36;1mSQL (0.000072)[0m   [0;1mPRAGMA index_list("markets")[0m


Processing MarketsController#index (for 127.0.0.1 at 2008-10-04 10:24:31) [GET]
  Session ID: BAh7BiIKZmxhc2hJQzonQWN0aW9uQ29udHJvbGxlcjo6Rmxhc2g6OkZsYXNo
SGFzaHsABjoKQHVzZWR7AA==--008f3288df3d7e51781c452f6d497a391801b0e4
  Parameters: {"action"=>"index", "controller"=>"markets"}
  [4;36;1mMarket Load (0.000484)[0m   [0;1mSELECT * FROM "markets" [0m
Rendering template within layouts/markets
Rendering markets/index
Completed in 0.00918 (108 reqs/sec) | Rendering: 0.00261 (28%) | DB: 0.00048 (5%) | 200 OK [http://localhost/markets]


Processing MarketsController#new (for 127.0.0.1 at 2008-10-04 10:24:35) [GET]
  Session ID: BAh7BiIKZmxhc2hJQzonQWN0aW9uQ29udHJvbGxlcjo6Rmxhc2g6OkZsYXNo
SGFzaHsABjoKQHVzZWR7AA==--008f3288df3d7e51781c452f6d497a391801b0e4
  Parameters: {"action"=>"new", "controller"=>"markets"}
Rendering template within layouts/markets
Rendering markets/new
Completed in 0.01228 (81 reqs/sec) | Rendering: 0.00452 (36%) | DB: 0.00000 (0%) | 200 OK [http://localhost/markets/new]
